Base path: /Applications/Unity/Hub/Editor/2018.1.1f1/Unity2018.1.1f1.app/Contents
Cmd: initializeCompiler
Cmd: compileComputeKernel
  api=14 insize=1435 outsize=6413 ok=1
Cmd: translateComputeKernel
  api=14 insize=7421 outsize=3161 ok=1
Cmd: compileComputeKernel
  api=14 insize=3273 outsize=6509 ok=1
Cmd: translateComputeKernel
  api=14 insize=6581 outsize=1537 ok=1
Cmd: compileComputeKernel
  api=14 insize=1526 outsize=773 ok=1
Cmd: translateComputeKernel
  api=14 insize=865 outsize=901 ok=1
Cmd: compileComputeKernel
  api=14 insize=2343 outsize=7229 ok=1
Cmd: translateComputeKernel
  api=14 insize=7229 outsize=3105 ok=1
Cmd: initializeCompiler
Cmd: initializeCompiler

Quitting shader compiler process
